# JRE version: Java(TM) SE Runtime Environment (13.0.2+8) (build 13.0.2+8)
# Java VM: Java HotSpot(TM) 64-Bit Server VM (13.0.2+8, mixed mode, sharing, tiered, compressed oops, g1 gc, bsd-amd64)
Heap:
 garbage-first heap   total 453632K, used 260938K [0x0000000700000000, 0x0000000800000000)
  region size 1024K, 7 young (7168K), 1 survivors (1024K)
 Metaspace       used 18587K, capacity 19389K, committed 19584K, reserved 1067008K
  class space    used 2534K, capacity 2828K, committed 2944K, reserved 1048576K
GC Heap History (20 events):
Event: 46.394 GC heap before
{Heap before GC invocations=90 (full 0):
 garbage-first heap   total 453632K, used 206401K [0x0000000700000000, 0x0000000800000000)
  region size 1024K, 2 young (2048K), 1 survivors (1024K)
 Metaspace       used 18226K, capacity 18979K, committed 19200K, reserved 1064960K
  class space    used 2497K, capacity 2779K, committed 2816K, reserved 1048576K
}
Event: 46.395 GC heap after
{Heap after GC invocations=91 (full 0):
 garbage-first heap   total 453632K, used 206427K [0x0000000700000000, 0x0000000800000000)
  region size 1024K, 1 young (1024K), 1 survivors (1024K)
 Metaspace       used 18226K, capacity 18979K, committed 19200K, reserved 1064960K
  class space    used 2497K, capacity 2779K, committed 2816K, reserved 1048576K
}
Event: 46.414 GC heap before
{Heap before GC invocations=92 (full 0):
 garbage-first heap   total 453632K, used 210523K [0x0000000700000000, 0x0000000800000000)
  region size 1024K, 2 young (2048K), 1 survivors (1024K)
 Metaspace       used 18238K, capacity 18985K, committed 19200K, reserved 1064960K
  class space    used 2498K, capacity 2780K, committed 2816K, reserved 1048576K
}
Event: 46.415 GC heap after
{Heap after GC invocations=93 (full 0):
 garbage-first heap   total 453632K, used 210546K [0x0000000700000000, 0x0000000800000000)
  region size 1024K, 1 young (1024K), 1 survivors (1024K)
 Metaspace       used 18238K, capacity 18985K, committed 19200K, reserved 1064960K
  class space    used 2498K, capacity 2780K, committed 2816K, reserved 1048576K
}
Event: 46.433 GC heap before
{Heap before GC invocations=94 (full 0):
 garbage-first heap   total 453632K, used 214642K [0x0000000700000000, 0x0000000800000000)
  region size 1024K, 2 young (2048K), 1 survivors (1024K)
 Metaspace       used 18239K, capacity 18985K, committed 19200K, reserved 1064960K
  class space    used 2498K, capacity 2780K, committed 2816K, reserved 1048576K
}
Event: 46.434 GC heap after
{Heap after GC invocations=95 (full 0):
 garbage-first heap   total 453632K, used 214670K [0x0000000700000000, 0x0000000800000000)
  region size 1024K, 1 young (1024K), 1 survivors (1024K)
 Metaspace       used 18239K, capacity 18985K, committed 19200K, reserved 1064960K
  class space    used 2498K, capacity 2780K, committed 2816K, reserved 1048576K
}
Event: 46.453 GC heap before
{Heap before GC invocations=96 (full 0):
 garbage-first heap   total 453632K, used 218766K [0x0000000700000000, 0x0000000800000000)
  region size 1024K, 2 young (2048K), 1 survivors (1024K)
 Metaspace       used 18241K, capacity 18985K, committed 19200K, reserved 1064960K
  class space    used 2498K, capacity 2780K, committed 2816K, reserved 1048576K
}
Event: 46.453 GC heap after
{Heap after GC invocations=97 (full 0):
 garbage-first heap   total 453632K, used 218778K [0x0000000700000000, 0x0000000800000000)
  region size 1024K, 1 young (1024K), 1 survivors (1024K)
 Metaspace       used 18241K, capacity 18985K, committed 19200K, reserved 1064960K
  class space    used 2498K, capacity 2780K, committed 2816K, reserved 1048576K
}
Event: 46.472 GC heap before
{Heap before GC invocations=98 (full 0):
 garbage-first heap   total 453632K, used 222874K [0x0000000700000000, 0x0000000800000000)
  region size 1024K, 2 young (2048K), 1 survivors (1024K)
 Metaspace       used 18243K, capacity 18985K, committed 19200K, reserved 1064960K
  class space    used 2498K, capacity 2780K, committed 2816K, reserved 1048576K
}
Event: 46.473 GC heap after
{Heap after GC invocations=99 (full 0):
 garbage-first heap   total 453632K, used 222897K [0x0000000700000000, 0x0000000800000000)
  region size 1024K, 1 young (1024K), 1 survivors (1024K)
 Metaspace       used 18243K, capacity 18985K, committed 19200K, reserved 1064960K
  class space    used 2498K, capacity 2780K, committed 2816K, reserved 1048576K
}
Event: 46.491 GC heap before
{Heap before GC invocations=100 (full 0):
 garbage-first heap   total 453632K, used 226993K [0x0000000700000000, 0x0000000800000000)
  region size 1024K, 2 young (2048K), 1 survivors (1024K)
 Metaspace       used 18253K, capacity 19049K, committed 19200K, reserved 1064960K
  class space    used 2498K, capacity 2780K, committed 2816K, reserved 1048576K
}
Event: 46.491 GC heap after
{Heap after GC invocations=101 (full 0):
 garbage-first heap   total 453632K, used 227014K [0x0000000700000000, 0x0000000800000000)
  region size 1024K, 1 young (1024K), 1 survivors (1024K)
 Metaspace       used 18253K, capacity 19049K, committed 19200K, reserved 1064960K
  class space    used 2498K, capacity 2780K, committed 2816K, reserved 1048576K
}
Event: 46.512 GC heap before
{Heap before GC invocations=102 (full 0):
 garbage-first heap   total 453632K, used 233158K [0x0000000700000000, 0x0000000800000000)
  region size 1024K, 2 young (2048K), 1 survivors (1024K)
 Metaspace       used 18267K, capacity 19083K, committed 19200K, reserved 1064960K
  class space    used 2503K, capacity 2813K, committed 2816K, reserved 1048576K
}
Event: 46.513 GC heap after
{Heap after GC invocations=103 (full 0):
 garbage-first heap   total 453632K, used 233180K [0x0000000700000000, 0x0000000800000000)
  region size 1024K, 1 young (1024K), 1 survivors (1024K)
 Metaspace       used 18267K, capacity 19083K, committed 19200K, reserved 1064960K
  class space    used 2503K, capacity 2813K, committed 2816K, reserved 1048576K
}
Event: 46.535 GC heap before
{Heap before GC invocations=104 (full 0):
 garbage-first heap   total 453632K, used 240348K [0x0000000700000000, 0x0000000800000000)
  region size 1024K, 2 young (2048K), 1 survivors (1024K)
 Metaspace       used 18277K, capacity 19083K, committed 19200K, reserved 1064960K
  class space    used 2503K, capacity 2813K, committed 2816K, reserved 1048576K
}
Event: 46.536 GC heap after
{Heap after GC invocations=105 (full 0):
 garbage-first heap   total 453632K, used 236295K [0x0000000700000000, 0x0000000800000000)
  region size 1024K, 1 young (1024K), 1 survivors (1024K)
 Metaspace       used 18277K, capacity 19083K, committed 19200K, reserved 1064960K
  class space    used 2503K, capacity 2813K, committed 2816K, reserved 1048576K
}
Event: 46.555 GC heap before
{Heap before GC invocations=106 (full 0):
 garbage-first heap   total 453632K, used 243463K [0x0000000700000000, 0x0000000800000000)
  region size 1024K, 2 young (2048K), 1 survivors (1024K)
 Metaspace       used 18280K, capacity 19083K, committed 19200K, reserved 1064960K
  class space    used 2503K, capacity 2813K, committed 2816K, reserved 1048576K
}
Event: 46.556 GC heap after
{Heap after GC invocations=107 (full 0):
 garbage-first heap   total 453632K, used 239404K [0x0000000700000000, 0x0000000800000000)
  region size 1024K, 1 young (1024K), 1 survivors (1024K)
 Metaspace       used 18280K, capacity 19083K, committed 19200K, reserved 1064960K
  class space    used 2503K, capacity 2813K, committed 2816K, reserved 1048576K
}
Event: 46.575 GC heap before
{Heap before GC invocations=108 (full 0):
 garbage-first heap   total 453632K, used 249644K [0x0000000700000000, 0x0000000800000000)
  region size 1024K, 2 young (2048K), 1 survivors (1024K)
 Metaspace       used 18281K, capacity 19083K, committed 19200K, reserved 1064960K
  class space    used 2503K, capacity 2813K, committed 2816K, reserved 1048576K
}
Event: 46.576 GC heap after
{Heap after GC invocations=109 (full 0):
 garbage-first heap   total 453632K, used 241482K [0x0000000700000000, 0x0000000800000000)
  region size 1024K, 1 young (1024K), 1 survivors (1024K)
 Metaspace       used 18281K, capacity 19083K, committed 19200K, reserved 1064960K
  class space    used 2503K, capacity 2813K, committed 2816K, reserved 1048576K
}

